<?xml version="1.0" encoding="UTF-8"?>
<!-- Generated by org.testng.reporters.JUnitXMLReporter -->
<testsuite hostname="Mir-PC" ignored="6" name="Default test" tests="1" failures="0" timestamp="17 Nov 2020 19:39:09 GMT" time="4.673" errors="0">
  <testcase name="deleteBook" time="4.64" classname="toolsQA.Authentication"/>
  <testcase name="userBooksDelete" time="0.0" classname="toolsQA.Authentication">
    <ignored/>
  </testcase> <!-- userBooksDelete -->
  <testcase name="addBookandDeleteBookTest" time="0.0" classname="toolsQA.Authentication">
    <ignored/>
  </testcase> <!-- addBookandDeleteBookTest -->
  <testcase name="bearerTokenAuthenticationTest" time="0.0" classname="toolsQA.Authentication">
    <ignored/>
  </testcase> <!-- bearerTokenAuthenticationTest -->
  <testcase name="authenticateUserTest" time="0.0" classname="toolsQA.Authentication">
    <ignored/>
  </testcase> <!-- authenticateUserTest -->
  <testcase name="removeBookFromUser" time="0.0" classname="toolsQA.Authentication">
    <ignored/>
  </testcase> <!-- removeBookFromUser -->
  <testcase name="amIauthorized" time="0.0" classname="toolsQA.Authentication">
    <ignored/>
  </testcase> <!-- amIauthorized -->
</testsuite> <!-- Default test -->
