<?xml version="1.0" encoding="UTF-8"?>
<testng-results skipped="0" failed="0" ignored="0" total="1" passed="1">
  <reporter-output>
  </reporter-output>
  <suite name="Default suite" duration-ms="4176" started-at="2020-12-27T01:24:52Z" finished-at="2020-12-27T01:24:56Z">
    <groups>
    </groups>
    <test name="Default test" duration-ms="4176" started-at="2020-12-27T01:24:52Z" finished-at="2020-12-27T01:24:56Z">
      <class name="https.reqres.in.PostApiJSONObject">
        <test-method status="PASS" signature="post()[pri:0, instance:https.reqres.in.PostApiJSONObject@7b49cea0]" name="post" duration-ms="4132" started-at="2020-12-27T01:24:52Z" finished-at="2020-12-27T01:24:56Z">
          <reporter-output>
          </reporter-output>
        </test-method> <!-- post -->
      </class> <!-- https.reqres.in.PostApiJSONObject -->
    </test> <!-- Default test -->
  </suite> <!-- Default suite -->
</testng-results>
