<?xml version="1.0" encoding="UTF-8"?>
<testng-results skipped="0" failed="0" ignored="0" total="1" passed="1">
  <reporter-output>
  </reporter-output>
  <suite name="Default suite" duration-ms="4508" started-at="2020-11-15T09:00:58Z" finished-at="2020-11-15T09:01:03Z">
    <groups>
    </groups>
    <test name="Default test" duration-ms="4508" started-at="2020-11-15T09:00:58Z" finished-at="2020-11-15T09:01:03Z">
      <class name="github_Usage_RestAssurd.Store">
        <test-method status="PASS" signature="store()[pri:0, instance:github_Usage_RestAssurd.Store@1f28c152]" name="store" duration-ms="4467" started-at="2020-11-15T09:00:59Z" finished-at="2020-11-15T09:01:03Z">
          <reporter-output>
          </reporter-output>
        </test-method> <!-- store -->
      </class> <!-- github_Usage_RestAssurd.Store -->
    </test> <!-- Default test -->
  </suite> <!-- Default suite -->
</testng-results>
